# JRE version: Java(TM) SE Runtime Environment (8.0_144-b01) (build 1.8.0_144-b01)
# Java VM: Java HotSpot(TM) 64-Bit Server VM (25.144-b01 mixed mode windows-amd64 compressed oops)
Heap:
 PSYoungGen      total 27136K, used 15651K [0x00000000e2580000, 0x00000000e5a80000, 0x0000000100000000)
  eden space 23552K, 66% used [0x00000000e2580000,0x00000000e34c8f38,0x00000000e3c80000)
  from space 3584K, 0% used [0x00000000e4000000,0x00000000e4000000,0x00000000e4380000)
  to   space 3584K, 0% used [0x00000000e3c80000,0x00000000e3c80000,0x00000000e4000000)
 ParOldGen       total 44544K, used 6897K [0x00000000a7000000, 0x00000000a9b80000, 0x00000000e2580000)
  object space 44544K, 15% used [0x00000000a7000000,0x00000000a76bc630,0x00000000a9b80000)
 Metaspace       used 24806K, capacity 25046K, committed 25344K, reserved 1071104K
  class space    used 3502K, capacity 3574K, committed 3584K, reserved 1048576K
GC Heap History (10 events):
Event: 11.460 GC heap before
{Heap before GC invocations=1 (full 0):
 PSYoungGen      total 27136K, used 23552K [0x00000000e2580000, 0x00000000e4380000, 0x0000000100000000)
  eden space 23552K, 100% used [0x00000000e2580000,0x00000000e3c80000,0x00000000e3c80000)
  from space 3584K, 0% used [0x00000000e4000000,0x00000000e4000000,0x00000000e4380000)
  to   space 3584K, 0% used [0x00000000e3c80000,0x00000000e3c80000,0x00000000e4000000)
 ParOldGen       total 61440K, used 0K [0x00000000a7000000, 0x00000000aac00000, 0x00000000e2580000)
  object space 61440K, 0% used [0x00000000a7000000,0x00000000a7000000,0x00000000aac00000)
 Metaspace       used 11976K, capacity 12190K, committed 12416K, reserved 1060864K
  class space    used 1459K, capacity 1544K, committed 1664K, reserved 1048576K
Event: 11.476 GC heap after
Heap after GC invocations=1 (full 0):
 PSYoungGen      total 27136K, used 3576K [0x00000000e2580000, 0x00000000e4380000, 0x0000000100000000)
  eden space 23552K, 0% used [0x00000000e2580000,0x00000000e2580000,0x00000000e3c80000)
  from space 3584K, 99% used [0x00000000e3c80000,0x00000000e3ffe0c8,0x00000000e4000000)
  to   space 3584K, 0% used [0x00000000e4000000,0x00000000e4000000,0x00000000e4380000)
 ParOldGen       total 61440K, used 201K [0x00000000a7000000, 0x00000000aac00000, 0x00000000e2580000)
  object space 61440K, 0% used [0x00000000a7000000,0x00000000a7032478,0x00000000aac00000)
 Metaspace       used 11976K, capacity 12190K, committed 12416K, reserved 1060864K
  class space    used 1459K, capacity 1544K, committed 1664K, reserved 1048576K
}
Event: 14.607 GC heap before
{Heap before GC invocations=2 (full 0):
 PSYoungGen      total 27136K, used 27128K [0x00000000e2580000, 0x00000000e4380000, 0x0000000100000000)
  eden space 23552K, 100% used [0x00000000e2580000,0x00000000e3c80000,0x00000000e3c80000)
  from space 3584K, 99% used [0x00000000e3c80000,0x00000000e3ffe0c8,0x00000000e4000000)
  to   space 3584K, 0% used [0x00000000e4000000,0x00000000e4000000,0x00000000e4380000)
 ParOldGen       total 61440K, used 201K [0x00000000a7000000, 0x00000000aac00000, 0x00000000e2580000)
  object space 61440K, 0% used [0x00000000a7000000,0x00000000a7032478,0x00000000aac00000)
 Metaspace       used 16772K, capacity 16984K, committed 17408K, reserved 1064960K
  class space    used 2137K, capacity 2219K, committed 2304K, reserved 1048576K
Event: 14.620 GC heap after
Heap after GC invocations=2 (full 0):
 PSYoungGen      total 27136K, used 3573K [0x00000000e2580000, 0x00000000e4380000, 0x0000000100000000)
  eden space 23552K, 0% used [0x00000000e2580000,0x00000000e2580000,0x00000000e3c80000)
  from space 3584K, 99% used [0x00000000e4000000,0x00000000e437d5b8,0x00000000e4380000)
  to   space 3584K, 0% used [0x00000000e3c80000,0x00000000e3c80000,0x00000000e4000000)
 ParOldGen       total 61440K, used 2926K [0x00000000a7000000, 0x00000000aac00000, 0x00000000e2580000)
  object space 61440K, 4% used [0x00000000a7000000,0x00000000a72dba40,0x00000000aac00000)
 Metaspace       used 16772K, capacity 16984K, committed 17408K, reserved 1064960K
  class space    used 2137K, capacity 2219K, committed 2304K, reserved 1048576K
}
Event: 15.773 GC heap before
{Heap before GC invocations=3 (full 0):
 PSYoungGen      total 27136K, used 27125K [0x00000000e2580000, 0x00000000e4380000, 0x0000000100000000)
  eden space 23552K, 100% used [0x00000000e2580000,0x00000000e3c80000,0x00000000e3c80000)
  from space 3584K, 99% used [0x00000000e4000000,0x00000000e437d5b8,0x00000000e4380000)
  to   space 3584K, 0% used [0x00000000e3c80000,0x00000000e3c80000,0x00000000e4000000)
 ParOldGen       total 61440K, used 2926K [0x00000000a7000000, 0x00000000aac00000, 0x00000000e2580000)
  object space 61440K, 4% used [0x00000000a7000000,0x00000000a72dba40,0x00000000aac00000)
 Metaspace       used 20163K, capacity 20376K, committed 20608K, reserved 1067008K
  class space    used 2613K, capacity 2667K, committed 2688K, reserved 1048576K
Event: 15.782 GC heap after
Heap after GC invocations=3 (full 0):
 PSYoungGen      total 27136K, used 3557K [0x00000000e2580000, 0x00000000e4380000, 0x0000000100000000)
  eden space 23552K, 0% used [0x00000000e2580000,0x00000000e2580000,0x00000000e3c80000)
  from space 3584K, 99% used [0x00000000e3c80000,0x00000000e3ff9610,0x00000000e4000000)
  to   space 3584K, 0% used [0x00000000e4000000,0x00000000e4000000,0x00000000e4380000)
 ParOldGen       total 61440K, used 6886K [0x00000000a7000000, 0x00000000aac00000, 0x00000000e2580000)
  object space 61440K, 11% used [0x00000000a7000000,0x00000000a76b99b8,0x00000000aac00000)
 Metaspace       used 20163K, capacity 20376K, committed 20608K, reserved 1067008K
  class space    used 2613K, capacity 2667K, committed 2688K, reserved 1048576K
}
Event: 16.185 GC heap before
{Heap before GC invocations=4 (full 0):
 PSYoungGen      total 27136K, used 10512K [0x00000000e2580000, 0x00000000e4380000, 0x0000000100000000)
  eden space 23552K, 29% used [0x00000000e2580000,0x00000000e2c4adc8,0x00000000e3c80000)
  from space 3584K, 99% used [0x00000000e3c80000,0x00000000e3ff9610,0x00000000e4000000)
  to   space 3584K, 0% used [0x00000000e4000000,0x00000000e4000000,0x00000000e4380000)
 ParOldGen       total 61440K, used 6886K [0x00000000a7000000, 0x00000000aac00000, 0x00000000e2580000)
  object space 61440K, 11% used [0x00000000a7000000,0x00000000a76b99b8,0x00000000aac00000)
 Metaspace       used 20786K, capacity 21060K, committed 21248K, reserved 1067008K
  class space    used 2668K, capacity 2765K, committed 2816K, reserved 1048576K
Event: 16.200 GC heap after
Heap after GC invocations=4 (full 0):
 PSYoungGen      total 27136K, used 3573K [0x00000000e2580000, 0x00000000e5a80000, 0x0000000100000000)
  eden space 23552K, 0% used [0x00000000e2580000,0x00000000e2580000,0x00000000e3c80000)
  from space 3584K, 99% used [0x00000000e4000000,0x00000000e437d600,0x00000000e4380000)
  to   space 3584K, 0% used [0x00000000e3c80000,0x00000000e3c80000,0x00000000e4000000)
 ParOldGen       total 61440K, used 7508K [0x00000000a7000000, 0x00000000aac00000, 0x00000000e2580000)
  object space 61440K, 12% used [0x00000000a7000000,0x00000000a7755058,0x00000000aac00000)
 Metaspace       used 20786K, capacity 21060K, committed 21248K, reserved 1067008K
  class space    used 2668K, capacity 2765K, committed 2816K, reserved 1048576K
}
Event: 16.201 GC heap before
{Heap before GC invocations=5 (full 1):
 PSYoungGen      total 27136K, used 3573K [0x00000000e2580000, 0x00000000e5a80000, 0x0000000100000000)
  eden space 23552K, 0% used [0x00000000e2580000,0x00000000e2580000,0x00000000e3c80000)
  from space 3584K, 99% used [0x00000000e4000000,0x00000000e437d600,0x00000000e4380000)
  to   space 3584K, 0% used [0x00000000e3c80000,0x00000000e3c80000,0x00000000e4000000)
 ParOldGen       total 61440K, used 7508K [0x00000000a7000000, 0x00000000aac00000, 0x00000000e2580000)
  object space 61440K, 12% used [0x00000000a7000000,0x00000000a7755058,0x00000000aac00000)
 Metaspace       used 20786K, capacity 21060K, committed 21248K, reserved 1067008K
  class space    used 2668K, capacity 2765K, committed 2816K, reserved 1048576K
Event: 16.310 GC heap after
Heap after GC invocations=5 (full 1):
 PSYoungGen      total 27136K, used 0K [0x00000000e2580000, 0x00000000e5a80000, 0x0000000100000000)
  eden space 23552K, 0% used [0x00000000e2580000,0x00000000e2580000,0x00000000e3c80000)
  from space 3584K, 0% used [0x00000000e4000000,0x00000000e4000000,0x00000000e4380000)
  to   space 3584K, 0% used [0x00000000e3c80000,0x00000000e3c80000,0x00000000e4000000)
 ParOldGen       total 44544K, used 6897K [0x00000000a7000000, 0x00000000a9b80000, 0x00000000e2580000)
  object space 44544K, 15% used [0x00000000a7000000,0x00000000a76bc630,0x00000000a9b80000)
 Metaspace       used 20786K, capacity 21060K, committed 21248K, reserved 1067008K
  class space    used 2668K, capacity 2765K, committed 2816K, reserved 1048576K
}

