# JRE version: Java(TM) SE Runtime Environment (8.0_144-b01) (build 1.8.0_144-b01)
# Java VM: Java HotSpot(TM) 64-Bit Server VM (25.144-b01 mixed mode windows-amd64 compressed oops)
Heap:
 PSYoungGen      total 27136K, used 16025K [0x00000000e2580000, 0x00000000e4380000, 0x0000000100000000)
  eden space 23552K, 68% used [0x00000000e2580000,0x00000000e3526670,0x00000000e3c80000)
  from space 3584K, 0% used [0x00000000e4000000,0x00000000e4000000,0x00000000e4380000)
  to   space 3584K, 0% used [0x00000000e3c80000,0x00000000e3c80000,0x00000000e4000000)
 ParOldGen       total 35328K, used 6984K [0x00000000a7000000, 0x00000000a9280000, 0x00000000e2580000)
  object space 35328K, 19% used [0x00000000a7000000,0x00000000a76d2090,0x00000000a9280000)
 Metaspace       used 24963K, capacity 25276K, committed 25728K, reserved 1071104K
  class space    used 3525K, capacity 3607K, committed 3712K, reserved 1048576K
GC Heap History (10 events):
Event: 8.765 GC heap before
{Heap before GC invocations=1 (full 0):
 PSYoungGen      total 27136K, used 23552K [0x00000000e2580000, 0x00000000e4380000, 0x0000000100000000)
  eden space 23552K, 100% used [0x00000000e2580000,0x00000000e3c80000,0x00000000e3c80000)
  from space 3584K, 0% used [0x00000000e4000000,0x00000000e4000000,0x00000000e4380000)
  to   space 3584K, 0% used [0x00000000e3c80000,0x00000000e3c80000,0x00000000e4000000)
 ParOldGen       total 61440K, used 0K [0x00000000a7000000, 0x00000000aac00000, 0x00000000e2580000)
  object space 61440K, 0% used [0x00000000a7000000,0x00000000a7000000,0x00000000aac00000)
 Metaspace       used 11408K, capacity 11678K, committed 12032K, reserved 1060864K
  class space    used 1390K, capacity 1480K, committed 1536K, reserved 1048576K
Event: 8.775 GC heap after
Heap after GC invocations=1 (full 0):
 PSYoungGen      total 27136K, used 3560K [0x00000000e2580000, 0x00000000e4380000, 0x0000000100000000)
  eden space 23552K, 0% used [0x00000000e2580000,0x00000000e2580000,0x00000000e3c80000)
  from space 3584K, 99% used [0x00000000e3c80000,0x00000000e3ffa248,0x00000000e4000000)
  to   space 3584K, 0% used [0x00000000e4000000,0x00000000e4000000,0x00000000e4380000)
 ParOldGen       total 61440K, used 242K [0x00000000a7000000, 0x00000000aac00000, 0x00000000e2580000)
  object space 61440K, 0% used [0x00000000a7000000,0x00000000a703c8f8,0x00000000aac00000)
 Metaspace       used 11408K, capacity 11678K, committed 12032K, reserved 1060864K
  class space    used 1390K, capacity 1480K, committed 1536K, reserved 1048576K
}
Event: 11.549 GC heap before
{Heap before GC invocations=2 (full 0):
 PSYoungGen      total 27136K, used 27112K [0x00000000e2580000, 0x00000000e4380000, 0x0000000100000000)
  eden space 23552K, 100% used [0x00000000e2580000,0x00000000e3c80000,0x00000000e3c80000)
  from space 3584K, 99% used [0x00000000e3c80000,0x00000000e3ffa248,0x00000000e4000000)
  to   space 3584K, 0% used [0x00000000e4000000,0x00000000e4000000,0x00000000e4380000)
 ParOldGen       total 61440K, used 242K [0x00000000a7000000, 0x00000000aac00000, 0x00000000e2580000)
  object space 61440K, 0% used [0x00000000a7000000,0x00000000a703c8f8,0x00000000aac00000)
 Metaspace       used 16731K, capacity 16984K, committed 17408K, reserved 1064960K
  class space    used 2124K, capacity 2219K, committed 2304K, reserved 1048576K
Event: 11.557 GC heap after
Heap after GC invocations=2 (full 0):
 PSYoungGen      total 27136K, used 3557K [0x00000000e2580000, 0x00000000e4380000, 0x0000000100000000)
  eden space 23552K, 0% used [0x00000000e2580000,0x00000000e2580000,0x00000000e3c80000)
  from space 3584K, 99% used [0x00000000e4000000,0x00000000e43795c8,0x00000000e4380000)
  to   space 3584K, 0% used [0x00000000e3c80000,0x00000000e3c80000,0x00000000e4000000)
 ParOldGen       total 61440K, used 2897K [0x00000000a7000000, 0x00000000aac00000, 0x00000000e2580000)
  object space 61440K, 4% used [0x00000000a7000000,0x00000000a72d45e8,0x00000000aac00000)
 Metaspace       used 16731K, capacity 16984K, committed 17408K, reserved 1064960K
  class space    used 2124K, capacity 2219K, committed 2304K, reserved 1048576K
}
Event: 12.658 GC heap before
{Heap before GC invocations=3 (full 0):
 PSYoungGen      total 27136K, used 27109K [0x00000000e2580000, 0x00000000e4380000, 0x0000000100000000)
  eden space 23552K, 100% used [0x00000000e2580000,0x00000000e3c80000,0x00000000e3c80000)
  from space 3584K, 99% used [0x00000000e4000000,0x00000000e43795c8,0x00000000e4380000)
  to   space 3584K, 0% used [0x00000000e3c80000,0x00000000e3c80000,0x00000000e4000000)
 ParOldGen       total 61440K, used 2897K [0x00000000a7000000, 0x00000000aac00000, 0x00000000e2580000)
  object space 61440K, 4% used [0x00000000a7000000,0x00000000a72d45e8,0x00000000aac00000)
 Metaspace       used 20188K, capacity 20472K, committed 20736K, reserved 1067008K
  class space    used 2605K, capacity 2699K, committed 2816K, reserved 1048576K
Event: 12.665 GC heap after
Heap after GC invocations=3 (full 0):
 PSYoungGen      total 27136K, used 3572K [0x00000000e2580000, 0x00000000e4380000, 0x0000000100000000)
  eden space 23552K, 0% used [0x00000000e2580000,0x00000000e2580000,0x00000000e3c80000)
  from space 3584K, 99% used [0x00000000e3c80000,0x00000000e3ffd178,0x00000000e4000000)
  to   space 3584K, 0% used [0x00000000e4000000,0x00000000e4000000,0x00000000e4380000)
 ParOldGen       total 61440K, used 6734K [0x00000000a7000000, 0x00000000aac00000, 0x00000000e2580000)
  object space 61440K, 10% used [0x00000000a7000000,0x00000000a7693a30,0x00000000aac00000)
 Metaspace       used 20188K, capacity 20472K, committed 20736K, reserved 1067008K
  class space    used 2605K, capacity 2699K, committed 2816K, reserved 1048576K
}
Event: 13.039 GC heap before
{Heap before GC invocations=4 (full 0):
 PSYoungGen      total 27136K, used 12324K [0x00000000e2580000, 0x00000000e4380000, 0x0000000100000000)
  eden space 23552K, 37% used [0x00000000e2580000,0x00000000e2e0c118,0x00000000e3c80000)
  from space 3584K, 99% used [0x00000000e3c80000,0x00000000e3ffd178,0x00000000e4000000)
  to   space 3584K, 0% used [0x00000000e4000000,0x00000000e4000000,0x00000000e4380000)
 ParOldGen       total 61440K, used 6734K [0x00000000a7000000, 0x00000000aac00000, 0x00000000e2580000)
  object space 61440K, 10% used [0x00000000a7000000,0x00000000a7693a30,0x00000000aac00000)
 Metaspace       used 20819K, capacity 21060K, committed 21248K, reserved 1067008K
  class space    used 2670K, capacity 2765K, committed 2816K, reserved 1048576K
Event: 13.043 GC heap after
Heap after GC invocations=4 (full 0):
 PSYoungGen      total 27136K, used 3573K [0x00000000e2580000, 0x00000000e4380000, 0x0000000100000000)
  eden space 23552K, 0% used [0x00000000e2580000,0x00000000e2580000,0x00000000e3c80000)
  from space 3584K, 99% used [0x00000000e4000000,0x00000000e437d610,0x00000000e4380000)
  to   space 3584K, 0% used [0x00000000e3c80000,0x00000000e3c80000,0x00000000e4000000)
 ParOldGen       total 61440K, used 7581K [0x00000000a7000000, 0x00000000aac00000, 0x00000000e2580000)
  object space 61440K, 12% used [0x00000000a7000000,0x00000000a7767680,0x00000000aac00000)
 Metaspace       used 20819K, capacity 21060K, committed 21248K, reserved 1067008K
  class space    used 2670K, capacity 2765K, committed 2816K, reserved 1048576K
}
Event: 13.043 GC heap before
{Heap before GC invocations=5 (full 1):
 PSYoungGen      total 27136K, used 3573K [0x00000000e2580000, 0x00000000e4380000, 0x0000000100000000)
  eden space 23552K, 0% used [0x00000000e2580000,0x00000000e2580000,0x00000000e3c80000)
  from space 3584K, 99% used [0x00000000e4000000,0x00000000e437d610,0x00000000e4380000)
  to   space 3584K, 0% used [0x00000000e3c80000,0x00000000e3c80000,0x00000000e4000000)
 ParOldGen       total 61440K, used 7581K [0x00000000a7000000, 0x00000000aac00000, 0x00000000e2580000)
  object space 61440K, 12% used [0x00000000a7000000,0x00000000a7767680,0x00000000aac00000)
 Metaspace       used 20819K, capacity 21060K, committed 21248K, reserved 1067008K
  class space    used 2670K, capacity 2765K, committed 2816K, reserved 1048576K
Event: 13.082 GC heap after
Heap after GC invocations=5 (full 1):
 PSYoungGen      total 27136K, used 0K [0x00000000e2580000, 0x00000000e4380000, 0x0000000100000000)
  eden space 23552K, 0% used [0x00000000e2580000,0x00000000e2580000,0x00000000e3c80000)
  from space 3584K, 0% used [0x00000000e4000000,0x00000000e4000000,0x00000000e4380000)
  to   space 3584K, 0% used [0x00000000e3c80000,0x00000000e3c80000,0x00000000e4000000)
 ParOldGen       total 35328K, used 6984K [0x00000000a7000000, 0x00000000a9280000, 0x00000000e2580000)
  object space 35328K, 19% used [0x00000000a7000000,0x00000000a76d2090,0x00000000a9280000)
 Metaspace       used 20819K, capacity 21060K, committed 21248K, reserved 1067008K
  class space    used 2670K, capacity 2765K, committed 2816K, reserved 1048576K
}

