# JRE version: Java(TM) SE Runtime Environment (8.0_144-b01) (build 1.8.0_144-b01)
# Java VM: Java HotSpot(TM) 64-Bit Server VM (25.144-b01 mixed mode windows-amd64 compressed oops)
Heap:
 PSYoungGen      total 27136K, used 15972K [0x00000000e2580000, 0x00000000e5a80000, 0x0000000100000000)
  eden space 23552K, 67% used [0x00000000e2580000,0x00000000e3519228,0x00000000e3c80000)
  from space 3584K, 0% used [0x00000000e4000000,0x00000000e4000000,0x00000000e4380000)
  to   space 3584K, 0% used [0x00000000e3c80000,0x00000000e3c80000,0x00000000e4000000)
 ParOldGen       total 41984K, used 6929K [0x00000000a7000000, 0x00000000a9900000, 0x00000000e2580000)
  object space 41984K, 16% used [0x00000000a7000000,0x00000000a76c46f0,0x00000000a9900000)
 Metaspace       used 24944K, capacity 25212K, committed 25728K, reserved 1071104K
  class space    used 3525K, capacity 3607K, committed 3712K, reserved 1048576K
GC Heap History (10 events):
Event: 7.741 GC heap before
{Heap before GC invocations=1 (full 0):
 PSYoungGen      total 27136K, used 23552K [0x00000000e2580000, 0x00000000e4380000, 0x0000000100000000)
  eden space 23552K, 100% used [0x00000000e2580000,0x00000000e3c80000,0x00000000e3c80000)
  from space 3584K, 0% used [0x00000000e4000000,0x00000000e4000000,0x00000000e4380000)
  to   space 3584K, 0% used [0x00000000e3c80000,0x00000000e3c80000,0x00000000e4000000)
 ParOldGen       total 61440K, used 0K [0x00000000a7000000, 0x00000000aac00000, 0x00000000e2580000)
  object space 61440K, 0% used [0x00000000a7000000,0x00000000a7000000,0x00000000aac00000)
 Metaspace       used 11397K, capacity 11678K, committed 12032K, reserved 1060864K
  class space    used 1392K, capacity 1480K, committed 1536K, reserved 1048576K
Event: 7.745 GC heap after
Heap after GC invocations=1 (full 0):
 PSYoungGen      total 27136K, used 3570K [0x00000000e2580000, 0x00000000e4380000, 0x0000000100000000)
  eden space 23552K, 0% used [0x00000000e2580000,0x00000000e2580000,0x00000000e3c80000)
  from space 3584K, 99% used [0x00000000e3c80000,0x00000000e3ffcbe0,0x00000000e4000000)
  to   space 3584K, 0% used [0x00000000e4000000,0x00000000e4000000,0x00000000e4380000)
 ParOldGen       total 61440K, used 220K [0x00000000a7000000, 0x00000000aac00000, 0x00000000e2580000)
  object space 61440K, 0% used [0x00000000a7000000,0x00000000a7037088,0x00000000aac00000)
 Metaspace       used 11397K, capacity 11678K, committed 12032K, reserved 1060864K
  class space    used 1392K, capacity 1480K, committed 1536K, reserved 1048576K
}
Event: 10.237 GC heap before
{Heap before GC invocations=2 (full 0):
 PSYoungGen      total 27136K, used 27122K [0x00000000e2580000, 0x00000000e4380000, 0x0000000100000000)
  eden space 23552K, 100% used [0x00000000e2580000,0x00000000e3c80000,0x00000000e3c80000)
  from space 3584K, 99% used [0x00000000e3c80000,0x00000000e3ffcbe0,0x00000000e4000000)
  to   space 3584K, 0% used [0x00000000e4000000,0x00000000e4000000,0x00000000e4380000)
 ParOldGen       total 61440K, used 220K [0x00000000a7000000, 0x00000000aac00000, 0x00000000e2580000)
  object space 61440K, 0% used [0x00000000a7000000,0x00000000a7037088,0x00000000aac00000)
 Metaspace       used 16851K, capacity 17112K, committed 17408K, reserved 1064960K
  class space    used 2146K, capacity 2219K, committed 2304K, reserved 1048576K
Event: 10.245 GC heap after
Heap after GC invocations=2 (full 0):
 PSYoungGen      total 27136K, used 3572K [0x00000000e2580000, 0x00000000e4380000, 0x0000000100000000)
  eden space 23552K, 0% used [0x00000000e2580000,0x00000000e2580000,0x00000000e3c80000)
  from space 3584K, 99% used [0x00000000e4000000,0x00000000e437d130,0x00000000e4380000)
  to   space 3584K, 0% used [0x00000000e3c80000,0x00000000e3c80000,0x00000000e4000000)
 ParOldGen       total 61440K, used 2965K [0x00000000a7000000, 0x00000000aac00000, 0x00000000e2580000)
  object space 61440K, 4% used [0x00000000a7000000,0x00000000a72e5748,0x00000000aac00000)
 Metaspace       used 16851K, capacity 17112K, committed 17408K, reserved 1064960K
  class space    used 2146K, capacity 2219K, committed 2304K, reserved 1048576K
}
Event: 11.325 GC heap before
{Heap before GC invocations=3 (full 0):
 PSYoungGen      total 27136K, used 27124K [0x00000000e2580000, 0x00000000e4380000, 0x0000000100000000)
  eden space 23552K, 100% used [0x00000000e2580000,0x00000000e3c80000,0x00000000e3c80000)
  from space 3584K, 99% used [0x00000000e4000000,0x00000000e437d130,0x00000000e4380000)
  to   space 3584K, 0% used [0x00000000e3c80000,0x00000000e3c80000,0x00000000e4000000)
 ParOldGen       total 61440K, used 2965K [0x00000000a7000000, 0x00000000aac00000, 0x00000000e2580000)
  object space 61440K, 4% used [0x00000000a7000000,0x00000000a72e5748,0x00000000aac00000)
 Metaspace       used 20274K, capacity 20536K, committed 20992K, reserved 1067008K
  class space    used 2620K, capacity 2699K, committed 2816K, reserved 1048576K
Event: 11.334 GC heap after
Heap after GC invocations=3 (full 0):
 PSYoungGen      total 27136K, used 3556K [0x00000000e2580000, 0x00000000e4380000, 0x0000000100000000)
  eden space 23552K, 0% used [0x00000000e2580000,0x00000000e2580000,0x00000000e3c80000)
  from space 3584K, 99% used [0x00000000e3c80000,0x00000000e3ff9188,0x00000000e4000000)
  to   space 3584K, 0% used [0x00000000e4000000,0x00000000e4000000,0x00000000e4380000)
 ParOldGen       total 61440K, used 6928K [0x00000000a7000000, 0x00000000aac00000, 0x00000000e2580000)
  object space 61440K, 11% used [0x00000000a7000000,0x00000000a76c4288,0x00000000aac00000)
 Metaspace       used 20274K, capacity 20536K, committed 20992K, reserved 1067008K
  class space    used 2620K, capacity 2699K, committed 2816K, reserved 1048576K
}
Event: 11.616 GC heap before
{Heap before GC invocations=4 (full 0):
 PSYoungGen      total 27136K, used 11005K [0x00000000e2580000, 0x00000000e4380000, 0x0000000100000000)
  eden space 23552K, 31% used [0x00000000e2580000,0x00000000e2cc64f0,0x00000000e3c80000)
  from space 3584K, 99% used [0x00000000e3c80000,0x00000000e3ff9188,0x00000000e4000000)
  to   space 3584K, 0% used [0x00000000e4000000,0x00000000e4000000,0x00000000e4380000)
 ParOldGen       total 61440K, used 6928K [0x00000000a7000000, 0x00000000aac00000, 0x00000000e2580000)
  object space 61440K, 11% used [0x00000000a7000000,0x00000000a76c4288,0x00000000aac00000)
 Metaspace       used 20775K, capacity 21060K, committed 21248K, reserved 1067008K
  class space    used 2667K, capacity 2765K, committed 2816K, reserved 1048576K
Event: 11.628 GC heap after
Heap after GC invocations=4 (full 0):
 PSYoungGen      total 27136K, used 3572K [0x00000000e2580000, 0x00000000e5a80000, 0x0000000100000000)
  eden space 23552K, 0% used [0x00000000e2580000,0x00000000e2580000,0x00000000e3c80000)
  from space 3584K, 99% used [0x00000000e4000000,0x00000000e437d178,0x00000000e4380000)
  to   space 3584K, 0% used [0x00000000e3c80000,0x00000000e3c80000,0x00000000e4000000)
 ParOldGen       total 61440K, used 7541K [0x00000000a7000000, 0x00000000aac00000, 0x00000000e2580000)
  object space 61440K, 12% used [0x00000000a7000000,0x00000000a775d610,0x00000000aac00000)
 Metaspace       used 20775K, capacity 21060K, committed 21248K, reserved 1067008K
  class space    used 2667K, capacity 2765K, committed 2816K, reserved 1048576K
}
Event: 11.628 GC heap before
{Heap before GC invocations=5 (full 1):
 PSYoungGen      total 27136K, used 3572K [0x00000000e2580000, 0x00000000e5a80000, 0x0000000100000000)
  eden space 23552K, 0% used [0x00000000e2580000,0x00000000e2580000,0x00000000e3c80000)
  from space 3584K, 99% used [0x00000000e4000000,0x00000000e437d178,0x00000000e4380000)
  to   space 3584K, 0% used [0x00000000e3c80000,0x00000000e3c80000,0x00000000e4000000)
 ParOldGen       total 61440K, used 7541K [0x00000000a7000000, 0x00000000aac00000, 0x00000000e2580000)
  object space 61440K, 12% used [0x00000000a7000000,0x00000000a775d610,0x00000000aac00000)
 Metaspace       used 20775K, capacity 21060K, committed 21248K, reserved 1067008K
  class space    used 2667K, capacity 2765K, committed 2816K, reserved 1048576K
Event: 11.673 GC heap after
Heap after GC invocations=5 (full 1):
 PSYoungGen      total 27136K, used 0K [0x00000000e2580000, 0x00000000e5a80000, 0x0000000100000000)
  eden space 23552K, 0% used [0x00000000e2580000,0x00000000e2580000,0x00000000e3c80000)
  from space 3584K, 0% used [0x00000000e4000000,0x00000000e4000000,0x00000000e4380000)
  to   space 3584K, 0% used [0x00000000e3c80000,0x00000000e3c80000,0x00000000e4000000)
 ParOldGen       total 41984K, used 6929K [0x00000000a7000000, 0x00000000a9900000, 0x00000000e2580000)
  object space 41984K, 16% used [0x00000000a7000000,0x00000000a76c46f0,0x00000000a9900000)
 Metaspace       used 20775K, capacity 21060K, committed 21248K, reserved 1067008K
  class space    used 2667K, capacity 2765K, committed 2816K, reserved 1048576K
}

