# JRE version: Java(TM) SE Runtime Environment (8.0_144-b01) (build 1.8.0_144-b01)
# Java VM: Java HotSpot(TM) 64-Bit Server VM (25.144-b01 mixed mode windows-amd64 compressed oops)
Heap:
 PSYoungGen      total 27136K, used 16381K [0x00000000e2580000, 0x00000000e5a80000, 0x0000000100000000)
  eden space 23552K, 69% used [0x00000000e2580000,0x00000000e357f5a0,0x00000000e3c80000)
  from space 3584K, 0% used [0x00000000e4000000,0x00000000e4000000,0x00000000e4380000)
  to   space 3584K, 0% used [0x00000000e3c80000,0x00000000e3c80000,0x00000000e4000000)
 ParOldGen       total 46080K, used 6922K [0x00000000a7000000, 0x00000000a9d00000, 0x00000000e2580000)
  object space 46080K, 15% used [0x00000000a7000000,0x00000000a76c2a00,0x00000000a9d00000)
 Metaspace       used 25311K, capacity 25622K, committed 25984K, reserved 1071104K
  class space    used 3548K, capacity 3638K, committed 3712K, reserved 1048576K
GC Heap History (10 events):
Event: 2.092 GC heap before
{Heap before GC invocations=1 (full 0):
 PSYoungGen      total 27136K, used 23552K [0x00000000e2580000, 0x00000000e4380000, 0x0000000100000000)
  eden space 23552K, 100% used [0x00000000e2580000,0x00000000e3c80000,0x00000000e3c80000)
  from space 3584K, 0% used [0x00000000e4000000,0x00000000e4000000,0x00000000e4380000)
  to   space 3584K, 0% used [0x00000000e3c80000,0x00000000e3c80000,0x00000000e4000000)
 ParOldGen       total 61440K, used 0K [0x00000000a7000000, 0x00000000aac00000, 0x00000000e2580000)
  object space 61440K, 0% used [0x00000000a7000000,0x00000000a7000000,0x00000000aac00000)
 Metaspace       used 11971K, capacity 12190K, committed 12416K, reserved 1060864K
  class space    used 1453K, capacity 1544K, committed 1664K, reserved 1048576K
Event: 2.098 GC heap after
Heap after GC invocations=1 (full 0):
 PSYoungGen      total 27136K, used 3572K [0x00000000e2580000, 0x00000000e4380000, 0x0000000100000000)
  eden space 23552K, 0% used [0x00000000e2580000,0x00000000e2580000,0x00000000e3c80000)
  from space 3584K, 99% used [0x00000000e3c80000,0x00000000e3ffd1a8,0x00000000e4000000)
  to   space 3584K, 0% used [0x00000000e4000000,0x00000000e4000000,0x00000000e4380000)
 ParOldGen       total 61440K, used 212K [0x00000000a7000000, 0x00000000aac00000, 0x00000000e2580000)
  object space 61440K, 0% used [0x00000000a7000000,0x00000000a70353d0,0x00000000aac00000)
 Metaspace       used 11971K, capacity 12190K, committed 12416K, reserved 1060864K
  class space    used 1453K, capacity 1544K, committed 1664K, reserved 1048576K
}
Event: 2.799 GC heap before
{Heap before GC invocations=2 (full 0):
 PSYoungGen      total 27136K, used 27124K [0x00000000e2580000, 0x00000000e4380000, 0x0000000100000000)
  eden space 23552K, 100% used [0x00000000e2580000,0x00000000e3c80000,0x00000000e3c80000)
  from space 3584K, 99% used [0x00000000e3c80000,0x00000000e3ffd1a8,0x00000000e4000000)
  to   space 3584K, 0% used [0x00000000e4000000,0x00000000e4000000,0x00000000e4380000)
 ParOldGen       total 61440K, used 212K [0x00000000a7000000, 0x00000000aac00000, 0x00000000e2580000)
  object space 61440K, 0% used [0x00000000a7000000,0x00000000a70353d0,0x00000000aac00000)
 Metaspace       used 16726K, capacity 16952K, committed 17408K, reserved 1064960K
  class space    used 2126K, capacity 2187K, committed 2304K, reserved 1048576K
Event: 2.805 GC heap after
Heap after GC invocations=2 (full 0):
 PSYoungGen      total 27136K, used 3573K [0x00000000e2580000, 0x00000000e4380000, 0x0000000100000000)
  eden space 23552K, 0% used [0x00000000e2580000,0x00000000e2580000,0x00000000e3c80000)
  from space 3584K, 99% used [0x00000000e4000000,0x00000000e437d5d8,0x00000000e4380000)
  to   space 3584K, 0% used [0x00000000e3c80000,0x00000000e3c80000,0x00000000e4000000)
 ParOldGen       total 61440K, used 3773K [0x00000000a7000000, 0x00000000aac00000, 0x00000000e2580000)
  object space 61440K, 6% used [0x00000000a7000000,0x00000000a73af4f0,0x00000000aac00000)
 Metaspace       used 16726K, capacity 16952K, committed 17408K, reserved 1064960K
  class space    used 2126K, capacity 2187K, committed 2304K, reserved 1048576K
}
Event: 3.484 GC heap before
{Heap before GC invocations=3 (full 0):
 PSYoungGen      total 27136K, used 27125K [0x00000000e2580000, 0x00000000e4380000, 0x0000000100000000)
  eden space 23552K, 100% used [0x00000000e2580000,0x00000000e3c80000,0x00000000e3c80000)
  from space 3584K, 99% used [0x00000000e4000000,0x00000000e437d5d8,0x00000000e4380000)
  to   space 3584K, 0% used [0x00000000e3c80000,0x00000000e3c80000,0x00000000e4000000)
 ParOldGen       total 61440K, used 3773K [0x00000000a7000000, 0x00000000aac00000, 0x00000000e2580000)
  object space 61440K, 6% used [0x00000000a7000000,0x00000000a73af4f0,0x00000000aac00000)
 Metaspace       used 20136K, capacity 20376K, committed 20608K, reserved 1067008K
  class space    used 2606K, capacity 2667K, committed 2688K, reserved 1048576K
Event: 3.491 GC heap after
Heap after GC invocations=3 (full 0):
 PSYoungGen      total 27136K, used 3556K [0x00000000e2580000, 0x00000000e4380000, 0x0000000100000000)
  eden space 23552K, 0% used [0x00000000e2580000,0x00000000e2580000,0x00000000e3c80000)
  from space 3584K, 99% used [0x00000000e3c80000,0x00000000e3ff9168,0x00000000e4000000)
  to   space 3584K, 0% used [0x00000000e4000000,0x00000000e4000000,0x00000000e4380000)
 ParOldGen       total 61440K, used 7670K [0x00000000a7000000, 0x00000000aac00000, 0x00000000e2580000)
  object space 61440K, 12% used [0x00000000a7000000,0x00000000a777da00,0x00000000aac00000)
 Metaspace       used 20136K, capacity 20376K, committed 20608K, reserved 1067008K
  class space    used 2606K, capacity 2667K, committed 2688K, reserved 1048576K
}
Event: 3.658 GC heap before
{Heap before GC invocations=4 (full 0):
 PSYoungGen      total 27136K, used 11021K [0x00000000e2580000, 0x00000000e4380000, 0x0000000100000000)
  eden space 23552K, 31% used [0x00000000e2580000,0x00000000e2cca528,0x00000000e3c80000)
  from space 3584K, 99% used [0x00000000e3c80000,0x00000000e3ff9168,0x00000000e4000000)
  to   space 3584K, 0% used [0x00000000e4000000,0x00000000e4000000,0x00000000e4380000)
 ParOldGen       total 61440K, used 7670K [0x00000000a7000000, 0x00000000aac00000, 0x00000000e2580000)
  object space 61440K, 12% used [0x00000000a7000000,0x00000000a777da00,0x00000000aac00000)
 Metaspace       used 20849K, capacity 21060K, committed 21248K, reserved 1067008K
  class space    used 2681K, capacity 2765K, committed 2816K, reserved 1048576K
Event: 3.667 GC heap after
Heap after GC invocations=4 (full 0):
 PSYoungGen      total 27136K, used 3557K [0x00000000e2580000, 0x00000000e5a80000, 0x0000000100000000)
  eden space 23552K, 0% used [0x00000000e2580000,0x00000000e2580000,0x00000000e3c80000)
  from space 3584K, 99% used [0x00000000e4000000,0x00000000e4379610,0x00000000e4380000)
  to   space 3584K, 0% used [0x00000000e3c80000,0x00000000e3c80000,0x00000000e4000000)
 ParOldGen       total 61440K, used 8386K [0x00000000a7000000, 0x00000000aac00000, 0x00000000e2580000)
  object space 61440K, 13% used [0x00000000a7000000,0x00000000a7830b30,0x00000000aac00000)
 Metaspace       used 20849K, capacity 21060K, committed 21248K, reserved 1067008K
  class space    used 2681K, capacity 2765K, committed 2816K, reserved 1048576K
}
Event: 3.667 GC heap before
{Heap before GC invocations=5 (full 1):
 PSYoungGen      total 27136K, used 3557K [0x00000000e2580000, 0x00000000e5a80000, 0x0000000100000000)
  eden space 23552K, 0% used [0x00000000e2580000,0x00000000e2580000,0x00000000e3c80000)
  from space 3584K, 99% used [0x00000000e4000000,0x00000000e4379610,0x00000000e4380000)
  to   space 3584K, 0% used [0x00000000e3c80000,0x00000000e3c80000,0x00000000e4000000)
 ParOldGen       total 61440K, used 8386K [0x00000000a7000000, 0x00000000aac00000, 0x00000000e2580000)
  object space 61440K, 13% used [0x00000000a7000000,0x00000000a7830b30,0x00000000aac00000)
 Metaspace       used 20849K, capacity 21060K, committed 21248K, reserved 1067008K
  class space    used 2681K, capacity 2765K, committed 2816K, reserved 1048576K
Event: 3.711 GC heap after
Heap after GC invocations=5 (full 1):
 PSYoungGen      total 27136K, used 0K [0x00000000e2580000, 0x00000000e5a80000, 0x0000000100000000)
  eden space 23552K, 0% used [0x00000000e2580000,0x00000000e2580000,0x00000000e3c80000)
  from space 3584K, 0% used [0x00000000e4000000,0x00000000e4000000,0x00000000e4380000)
  to   space 3584K, 0% used [0x00000000e3c80000,0x00000000e3c80000,0x00000000e4000000)
 ParOldGen       total 46080K, used 6922K [0x00000000a7000000, 0x00000000a9d00000, 0x00000000e2580000)
  object space 46080K, 15% used [0x00000000a7000000,0x00000000a76c2a00,0x00000000a9d00000)
 Metaspace       used 20849K, capacity 21060K, committed 21248K, reserved 1067008K
  class space    used 2681K, capacity 2765K, committed 2816K, reserved 1048576K
}

